<?xml version="1.0" encoding="UTF-8"?>
<Site BuildName="Linux-g++"
	BuildStamp="20231109-1317-Experimental"
	Name="vincent"
	Generator="ctest-3.16.3"
	CompilerName="/usr/bin/g++"
	CompilerVersion="9.4.0"
	OSName="Linux"
	Hostname="vincent"
	OSRelease="5.4.0-166-generic"
	OSVersion="#183-Ubuntu SMP Mon Oct 2 11:28:33 UTC 2023"
	OSPlatform="x86_64"
	Is64Bits="1"
	VendorString="GenuineIntel"
	VendorID="Intel Corporation"
	FamilyID="6"
	ModelID="42"
	ProcessorCacheSize="3072"
	NumberOfLogicalCPU="4"
	NumberOfPhysicalCPU="2"
	TotalVirtualMemory="2047"
	TotalPhysicalMemory="15944"
	LogicalProcessorsPerPhysical="2"
	ProcessorClockFrequency="2444.9"
	>
	<Testing>
		<StartDateTime>Nov 09 14:20 CET</StartDateTime>
		<StartTestTime>1699536030</StartTestTime>
		<TestList/>
		<EndDateTime>Nov 09 14:20 CET</EndDateTime>
		<EndTestTime>1699536030</EndTestTime>
		<ElapsedMinutes>0</ElapsedMinutes>
	</Testing>
</Site>
